https://www.celestrak.com/NORAD/elements/tle-new.txt
https://www.celestrak.com/NORAD/elements/stations.txt
https://www.celestrak.com/NORAD/elements/visual.txt
https://www.celestrak.com/NORAD/elements/active.txt
https://www.celestrak.com/NORAD/elements/analyst.txt
https://www.celestrak.com/NORAD/elements/dmc.txt
https://www.celestrak.com/NORAD/elements/sarsat.txt
https://www.celestrak.com/NORAD/elements/tdrss.txt
https://www.celestrak.com/NORAD/elements/intelsat.txt
https://www.celestrak.com/NORAD/elements/starlink.txt
https://www.celestrak.com/satcat/gpz-plus.php
https://www.celestrak.com/NORAD/elements/amateur.txt
https://www.celestrak.com/NORAD/elements/satnogs.txt
https://www.celestrak.com/NORAD/elements/other-comm.txt
https://www.celestrak.com/NORAD/elements/glo-ops.txt
https://www.celestrak.com/NORAD/elements/gps-ops.txt
https://www.celestrak.com/NORAD/elements/musson.txt
https://www.celestrak.com/NORAD/elements/nnss.txt
https://www.celestrak.com/NORAD/elements/sbas.txt
https://www.celestrak.com/NORAD/elements/science.txt
https://www.celestrak.com/NORAD/elements/geodetic.txt
https://www.celestrak.com/NORAD/elements/education.txt
https://www.celestrak.com/NORAD/elements/engineering.txt
https://www.celestrak.com/NORAD/elements/cubesat.txt
https://www.celestrak.com/NORAD/elements/military.txt
https://www.celestrak.com/NORAD/elements/radar.txt
https://www.celestrak.com/NORAD/elements/other.txt
https://www.celestrak.com/NORAD/elements/galileo.txt

